Using pre-set license
Built from '2021.3/staging' branch; Version is '2021.3.18f1 (3129e69bc0c7) revision 3221990'; Using compiler version '192829333'; Build Type 'Release'
OS: 'Windows 11  (10.0.22621) 64bit CoreSingleLanguage' Language: 'en' Physical Memory: 16228 MB
BatchMode: 1, IsHumanControllingUs: 0, StartBugReporterOnCrash: 0, Is64bit: 1, IsPro: 1

COMMAND LINE ARGUMENTS:
C:\Program Files\Unity\Hub\Editor\2021.3.18f1\Editor\Unity.exe
-adb2
-batchMode
-noUpm
-name
AssetImportWorker0
-projectPath
D:/Project/Pig_Adventure/Pig Adventure
-logFile
Logs/AssetImportWorker0.log
-srvPort
49533
Successfully changed project path to: D:/Project/Pig_Adventure/Pig Adventure
D:/Project/Pig_Adventure/Pig Adventure
[UnityMemory] Configuration Parameters - Can be set up in boot.config
    "memorysetup-bucket-allocator-granularity=16"
    "memorysetup-bucket-allocator-bucket-count=8"
    "memorysetup-bucket-allocator-block-size=33554432"
    "memorysetup-bucket-allocator-block-count=8"
    "memorysetup-main-allocator-block-size=16777216"
    "memorysetup-thread-allocator-block-size=16777216"
    "memorysetup-gfx-main-allocator-block-size=16777216"
    "memorysetup-gfx-thread-allocator-block-size=16777216"
    "memorysetup-cache-allocator-block-size=4194304"
    "memorysetup-typetree-allocator-block-size=2097152"
    "memorysetup-profiler-bucket-allocator-granularity=16"
    "memorysetup-profiler-bucket-allocator-bucket-count=8"
    "memorysetup-profiler-bucket-allocator-block-size=33554432"
    "memorysetup-profiler-bucket-allocator-block-count=8"
    "memorysetup-profiler-allocator-block-size=16777216"
    "memorysetup-profiler-editor-allocator-block-size=1048576"
    "memorysetup-temp-allocator-size-main=16777216"
    "memorysetup-job-temp-allocator-block-size=2097152"
    "memorysetup-job-temp-allocator-block-size-background=1048576"
    "memorysetup-job-temp-allocator-reduction-small-platforms=262144"
    "memorysetup-temp-allocator-size-background-worker=32768"
    "memorysetup-temp-allocator-size-job-worker=262144"
    "memorysetup-temp-allocator-size-preload-manager=33554432"
    "memorysetup-temp-allocator-size-nav-mesh-worker=65536"
    "memorysetup-temp-allocator-size-audio-worker=65536"
    "memorysetup-temp-allocator-size-cloud-worker=32768"
    "memorysetup-temp-allocator-size-gi-baking-worker=262144"
    "memorysetup-temp-allocator-size-gfx=262144"
Player connection [11188] Host "[IP] 172.22.192.1 [Port] 0 [Flags] 2 [Guid] 172047685 [EditorId] 172047685 [Version] 1048832 [Id] WindowsEditor(7,DESKTOP-TLHGITD) [Debug] 1 [PackageName] WindowsEditor [ProjectName] Editor" joined multi-casting on [225.0.0.222:54997]...

Player connection [11188] Host "[IP] 172.22.192.1 [Port] 0 [Flags] 2 [Guid] 172047685 [EditorId] 172047685 [Version] 1048832 [Id] WindowsEditor(7,DESKTOP-TLHGITD) [Debug] 1 [PackageName] WindowsEditor [ProjectName] Editor" joined alternative multi-casting on [225.0.0.222:34997]...

Refreshing native plugins compatible for Editor in 88.38 ms, found 4 plugins.
Preloading 0 native plugins for Editor in 0.00 ms.
Initialize engine version: 2021.3.18f1 (3129e69bc0c7)
[Subsystems] Discovering subsystems at path C:/Program Files/Unity/Hub/Editor/2021.3.18f1/Editor/Data/Resources/UnitySubsystems
[Subsystems] Discovering subsystems at path D:/Project/Pig_Adventure/Pig Adventure/Assets
GfxDevice: creating device client; threaded=0; jobified=0
Direct3D:
    Version:  Direct3D 11.0 [level 11.1]
    Renderer: NVIDIA GeForce GTX 1650 with Max-Q Design (ID=0x1f99)
    Vendor:   NVIDIA
    VRAM:     3962 MB
    Driver:   27.21.14.6221
Initialize mono
Mono path[0] = 'C:/Program Files/Unity/Hub/Editor/2021.3.18f1/Editor/Data/Managed'
Mono path[1] = 'C:/Program Files/Unity/Hub/Editor/2021.3.18f1/Editor/Data/MonoBleedingEdge/lib/mono/unityjit-win32'
Mono config path = 'C:/Program Files/Unity/Hub/Editor/2021.3.18f1/Editor/Data/MonoBleedingEdge/etc'
Using monoOptions --debugger-agent=transport=dt_socket,embedding=1,server=y,suspend=n,address=127.0.0.1:56976
Begin MonoManager ReloadAssembly
Registering precompiled unity dll's ...
Register platform support module: C:/Program Files/Unity/Hub/Editor/2021.3.18f1/Editor/Data/PlaybackEngines/WebGLSupport/UnityEditor.WebGL.Extensions.dll
Register platform support module: C:/Program Files/Unity/Hub/Editor/2021.3.18f1/Editor/Data/PlaybackEngines/AndroidPlayer/UnityEditor.Android.Extensions.dll
Register platform support module: C:/Program Files/Unity/Hub/Editor/2021.3.18f1/Editor/Data/PlaybackEngines/WindowsStandaloneSupport/UnityEditor.WindowsStandalone.Extensions.dll
Registered in 0.005129 seconds.
Native extension for WindowsStandalone target not found
Native extension for Android target not found
Android Extension - Scanning For ADB Devices 233 ms
Native extension for WebGL target not found
Refreshing native plugins compatible for Editor in 105.73 ms, found 4 plugins.
Preloading 0 native plugins for Editor in 0.00 ms.
Mono: successfully reloaded assembly
- Completed reload, in  1.040 seconds
Domain Reload Profiling:
	ReloadAssembly (1040ms)
		BeginReloadAssembly (142ms)
			ExecutionOrderSort (0ms)
			DisableScriptedObjects (0ms)
			BackupInstance (0ms)
			ReleaseScriptingObjects (0ms)
			CreateAndSetChildDomain (1ms)
		EndReloadAssembly (773ms)
			LoadAssemblies (141ms)
			RebuildTransferFunctionScriptingTraits (0ms)
			SetupTypeCache (126ms)
			ReleaseScriptCaches (0ms)
			RebuildScriptCaches (32ms)
			SetupLoadedEditorAssemblies (553ms)
				LogAssemblyErrors (0ms)
				InitializePlatformSupportModulesInManaged (307ms)
				SetLoadedEditorAssemblies (0ms)
				RefreshPlugins (106ms)
				BeforeProcessingInitializeOnLoad (1ms)
				ProcessInitializeOnLoadAttributes (96ms)
				ProcessInitializeOnLoadMethodAttributes (43ms)
				AfterProcessingInitializeOnLoad (0ms)
				EditorAssembliesLoaded (0ms)
			ExecutionOrderSort2 (0ms)
			AwakeInstancesAfterBackupRestoration (0ms)
Platform modules already initialized, skipping
Registering precompiled user dll's ...
Registered in 0.003576 seconds.
Begin MonoManager ReloadAssembly
Symbol file LoadedFromMemory doesn't match image D:\Project\Pig_Adventure\Pig Adventure\Library\PackageCache\com.unity.visualscripting@1.8.0\Editor\VisualScripting.Core\Dependencies\YamlDotNet\Unity.VisualScripting.YamlDotNet.dll
Symbol file LoadedFromMemory doesn't match image D:\Project\Pig_Adventure\Pig Adventure\Library\PackageCache\com.unity.visualscripting@1.8.0\Editor\VisualScripting.Core\Dependencies\DotNetZip\Unity.VisualScripting.IonicZip.dll
Native extension for WindowsStandalone target not found
Native extension for Android target not found
Native extension for WebGL target not found
Refreshing native plugins compatible for Editor in 98.59 ms, found 4 plugins.
Preloading 0 native plugins for Editor in 0.00 ms.
Mono: successfully reloaded assembly
- Completed reload, in  1.396 seconds
Domain Reload Profiling:
	ReloadAssembly (1397ms)
		BeginReloadAssembly (116ms)
			ExecutionOrderSort (0ms)
			DisableScriptedObjects (6ms)
			BackupInstance (0ms)
			ReleaseScriptingObjects (0ms)
			CreateAndSetChildDomain (19ms)
		EndReloadAssembly (1143ms)
			LoadAssemblies (88ms)
			RebuildTransferFunctionScriptingTraits (0ms)
			SetupTypeCache (383ms)
			ReleaseScriptCaches (1ms)
			RebuildScriptCaches (62ms)
			SetupLoadedEditorAssemblies (526ms)
				LogAssemblyErrors (0ms)
				InitializePlatformSupportModulesInManaged (41ms)
				SetLoadedEditorAssemblies (0ms)
				RefreshPlugins (99ms)
				BeforeProcessingInitializeOnLoad (91ms)
				ProcessInitializeOnLoadAttributes (244ms)
				ProcessInitializeOnLoadMethodAttributes (43ms)
				AfterProcessingInitializeOnLoad (8ms)
				EditorAssembliesLoaded (0ms)
			ExecutionOrderSort2 (0ms)
			AwakeInstancesAfterBackupRestoration (7ms)
Platform modules already initialized, skipping
========================================================================
Worker process is ready to serve import requests
Launched and connected shader compiler UnityShaderCompiler.exe after 0.04 seconds
Refreshing native plugins compatible for Editor in 1.83 ms, found 4 plugins.
Preloading 0 native plugins for Editor in 0.00 ms.
Unloading 3733 Unused Serialized files (Serialized files now loaded: 0)
Unloading 41 unused Assets / (228.9 KB). Loaded Objects now: 4188.
Memory consumption went from 142.5 MB to 142.3 MB.
Total: 3.572700 ms (FindLiveObjects: 0.315400 ms CreateObjectMapping: 0.287000 ms MarkObjects: 2.801300 ms  DeleteObjects: 0.167800 ms)

AssetImportParameters requested are different than current active one (requested -> active):
  custom:video-decoder-ogg-theora: a1e56fd34408186e4bbccfd4996cb3dc -> 
  custom:container-muxer-webm: aa71ff27fc2769a1b78a27578f13a17b -> 
  custom:container-demuxer-webm: 4f35f7cbe854078d1ac9338744f61a02 -> 
  custom:video-encoder-webm-vp8: eb34c28f22e8b96e1ab97ce403110664 -> 
  custom:video-codec-MediaFoundation-h265: 746d11721c4dcdbdad8f713fa42b33f4 -> 
  custom:audio-encoder-webm-vorbis: bf7c407c2cedff20999df2af8eb42d56 -> 
  custom:framework-win-MediaFoundation: 216162199b28c13a410421893ffa2e32 -> 
  custom:container-demuxer-ogg: 62fdf1f143b41e24485cea50d1cbac27 -> 
  custom:video-decoder-webm-vp8: 9c59270c3fd7afecdb556c50c9e8de78 -> 
  custom:audio-decoder-ogg-vorbis: bf7c407c2cedff20999df2af8eb42d56 -> 
========================================================================
Received Import Request.
  Time since last request: 124693.313863 seconds.
  path: Assets/Sprites
  artifactKey: Guid(0e39c16386cdd54499ff4d703510f5e0) Importer(815301076,1909f56bfc062723c751e8b465ee728b)
Start importing Assets/Sprites using Guid(0e39c16386cdd54499ff4d703510f5e0) Importer(815301076,1909f56bfc062723c751e8b465ee728b)  -> (artifact id: 'c52d6eedea9a0318a6484b159b0cfdf3') in 0.011457 seconds 
========================================================================
Received Import Request.
  Time since last request: 5.838833 seconds.
  path: Assets/Animations
  artifactKey: Guid(ffba63f1ba6a60e4d857edc1ac395785) Importer(815301076,1909f56bfc062723c751e8b465ee728b)
Start importing Assets/Animations using Guid(ffba63f1ba6a60e4d857edc1ac395785) Importer(815301076,1909f56bfc062723c751e8b465ee728b)  -> (artifact id: '5a060e1a64151ed3f1bdd7d69b7a70a9') in 0.005150 seconds 
========================================================================
Received Import Request.
  Time since last request: 6.499105 seconds.
  path: Assets/Prefabs
  artifactKey: Guid(ce13fdfd90d4f964f92ee652533d571f) Importer(815301076,1909f56bfc062723c751e8b465ee728b)
Start importing Assets/Prefabs using Guid(ce13fdfd90d4f964f92ee652533d571f) Importer(815301076,1909f56bfc062723c751e8b465ee728b)  -> (artifact id: '3927a160ec12171c2376df613c52d90b') in 0.007202 seconds 
========================================================================
Received Import Request.
  Time since last request: 7.725851 seconds.
  path: Assets/VFX
  artifactKey: Guid(126d73bdf3fd93047bdc67d717501b65) Importer(815301076,1909f56bfc062723c751e8b465ee728b)
Start importing Assets/VFX using Guid(126d73bdf3fd93047bdc67d717501b65) Importer(815301076,1909f56bfc062723c751e8b465ee728b)  -> (artifact id: 'a4011bf41c964af4343c8054e926cea1') in 0.005573 seconds 
========================================================================
Received Import Request.
  Time since last request: 5.060395 seconds.
  path: Assets/Audio
  artifactKey: Guid(255baa2b57f0ec84ca5fa5b0ff908b2e) Importer(815301076,1909f56bfc062723c751e8b465ee728b)
Start importing Assets/Audio using Guid(255baa2b57f0ec84ca5fa5b0ff908b2e) Importer(815301076,1909f56bfc062723c751e8b465ee728b)  -> (artifact id: 'fa348e79f22d69fdd3497e4c4cd7132d') in 0.005359 seconds 
========================================================================
Received Import Request.
  Time since last request: 8.557336 seconds.
  path: Assets/New Folder
  artifactKey: Guid(18641ce5e7f57414299a84d8e52a43ae) Importer(815301076,1909f56bfc062723c751e8b465ee728b)
Start importing Assets/New Folder using Guid(18641ce5e7f57414299a84d8e52a43ae) Importer(815301076,1909f56bfc062723c751e8b465ee728b)  -> (artifact id: '7bff062ba36f79c07f43ab87420b7afb') in 0.005516 seconds 
========================================================================
Received Import Request.
  Time since last request: 13.928058 seconds.
  path: Assets/Scripts
  artifactKey: Guid(18641ce5e7f57414299a84d8e52a43ae) Importer(815301076,1909f56bfc062723c751e8b465ee728b)
Start importing Assets/Scripts using Guid(18641ce5e7f57414299a84d8e52a43ae) Importer(815301076,1909f56bfc062723c751e8b465ee728b)  -> (artifact id: '63d1a074ed3d5df65368468599437fe4') in 0.005252 seconds 
========================================================================
Received Import Request.
  Time since last request: 17.378732 seconds.
  path: Assets/Sprites/background.png
  artifactKey: Guid(067f5d0050a75634c89ae87c727e0221) Importer(815301076,1909f56bfc062723c751e8b465ee728b)
Start importing Assets/Sprites/background.png using Guid(067f5d0050a75634c89ae87c727e0221) Importer(815301076,1909f56bfc062723c751e8b465ee728b)  -> (artifact id: '0861fd03e3d55ae896e0d769f42a4c01') in 0.136506 seconds 
========================================================================
Received Import Request.
  Time since last request: 0.000032 seconds.
  path: Assets/Sprites/character_berie_attack2.png
  artifactKey: Guid(450eb75e148e05446b597a0843418706) Importer(815301076,1909f56bfc062723c751e8b465ee728b)
Start importing Assets/Sprites/character_berie_attack2.png using Guid(450eb75e148e05446b597a0843418706) Importer(815301076,1909f56bfc062723c751e8b465ee728b)  -> (artifact id: '4770f4f358900c885837808f15152ef6') in 0.014923 seconds 
========================================================================
Received Import Request.
  Time since last request: 0.000031 seconds.
  path: Assets/Sprites/character_berie_hit.png
  artifactKey: Guid(a94563d89b225be4f8dcb1a6307befeb) Importer(815301076,1909f56bfc062723c751e8b465ee728b)
Start importing Assets/Sprites/character_berie_hit.png using Guid(a94563d89b225be4f8dcb1a6307befeb) Importer(815301076,1909f56bfc062723c751e8b465ee728b)  -> (artifact id: '218ab3c16c837c7fc8562ab1e7c1affc') in 0.017468 seconds 
========================================================================
Received Import Request.
  Time since last request: 0.000029 seconds.
  path: Assets/Sprites/character_berie_injured.png
  artifactKey: Guid(cf8cd7865bb099749b04b12a8fe70686) Importer(815301076,1909f56bfc062723c751e8b465ee728b)
Start importing Assets/Sprites/character_berie_injured.png using Guid(cf8cd7865bb099749b04b12a8fe70686) Importer(815301076,1909f56bfc062723c751e8b465ee728b)  -> (artifact id: 'f2fd5788e5fe43b9a46b25002885c34d') in 0.017840 seconds 
========================================================================
Received Import Request.
  Time since last request: 0.000028 seconds.
  path: Assets/Sprites/character_enemy_sandbug_idle.png
  artifactKey: Guid(dbda30706c13df24c800456a66f76a74) Importer(815301076,1909f56bfc062723c751e8b465ee728b)
Start importing Assets/Sprites/character_enemy_sandbug_idle.png using Guid(dbda30706c13df24c800456a66f76a74) Importer(815301076,1909f56bfc062723c751e8b465ee728b)  -> (artifact id: '865292eb246c4b7d8039771ea29d488d') in 0.015373 seconds 
========================================================================
Received Import Request.
  Time since last request: 0.000022 seconds.
  path: Assets/Sprites/character_berie_jump.png
  artifactKey: Guid(ddc0f3b90b05d4042a2aa17886638140) Importer(815301076,1909f56bfc062723c751e8b465ee728b)
Start importing Assets/Sprites/character_berie_jump.png using Guid(ddc0f3b90b05d4042a2aa17886638140) Importer(815301076,1909f56bfc062723c751e8b465ee728b)  -> (artifact id: '132669eb981e649181cfa64ef8d00a17') in 0.015783 seconds 
========================================================================
Received Import Request.
  Time since last request: 0.000025 seconds.
  path: Assets/Sprites/character_berie_run.png
  artifactKey: Guid(bdd84edbe140c4f49b20e067d6100f52) Importer(815301076,1909f56bfc062723c751e8b465ee728b)
Start importing Assets/Sprites/character_berie_run.png using Guid(bdd84edbe140c4f49b20e067d6100f52) Importer(815301076,1909f56bfc062723c751e8b465ee728b)  -> (artifact id: '16e54592b7e7223f08f7eda86bfd83cf') in 0.021632 seconds 
========================================================================
Received Import Request.
  Time since last request: 0.000022 seconds.
  path: Assets/Sprites/collectibles_coin_bronze1.png
  artifactKey: Guid(e2a055a81990ede4498710886e80cb1a) Importer(815301076,1909f56bfc062723c751e8b465ee728b)
Start importing Assets/Sprites/collectibles_coin_bronze1.png using Guid(e2a055a81990ede4498710886e80cb1a) Importer(815301076,1909f56bfc062723c751e8b465ee728b)  -> (artifact id: 'c97738a45fe3abc1a30f7d8146632b19') in 0.031697 seconds 
========================================================================
Received Import Request.
  Time since last request: 0.000042 seconds.
  path: Assets/Sprites/collectibles_coin_gold.png
  artifactKey: Guid(3f821e553dcfac14ba31dd2f4bef843f) Importer(815301076,1909f56bfc062723c751e8b465ee728b)
Start importing Assets/Sprites/collectibles_coin_gold.png using Guid(3f821e553dcfac14ba31dd2f4bef843f) Importer(815301076,1909f56bfc062723c751e8b465ee728b)  -> (artifact id: 'dac9bc78208d62ad3a426030f5c9a4fd') in 0.013464 seconds 
========================================================================
Received Import Request.
  Time since last request: 0.000023 seconds.
  path: Assets/Sprites/character_enemy_sandbug_spawn.png
  artifactKey: Guid(5416e90df01dd0c49802b50c90c66a61) Importer(815301076,1909f56bfc062723c751e8b465ee728b)
Start importing Assets/Sprites/character_enemy_sandbug_spawn.png using Guid(5416e90df01dd0c49802b50c90c66a61) Importer(815301076,1909f56bfc062723c751e8b465ee728b)  -> (artifact id: '29b77cbb2180429fe96dc88b962bbbf0') in 0.012198 seconds 
========================================================================
Received Import Request.
  Time since last request: 5.051313 seconds.
  path: Assets/Sprites/collectibles_coin_silver.png
  artifactKey: Guid(09e8947e31dfb2c42945475b6aa25b72) Importer(815301076,1909f56bfc062723c751e8b465ee728b)
Start importing Assets/Sprites/collectibles_coin_silver.png using Guid(09e8947e31dfb2c42945475b6aa25b72) Importer(815301076,1909f56bfc062723c751e8b465ee728b)  -> (artifact id: '956ce2757e017e494bcad771ffdc951a') in 0.013108 seconds 
========================================================================
Received Import Request.
  Time since last request: 0.061523 seconds.
  path: Assets/Sprites/collectibles_potion_red.png
  artifactKey: Guid(d8220378fbc38e5448d5b2e21e30b64a) Importer(815301076,1909f56bfc062723c751e8b465ee728b)
Start importing Assets/Sprites/collectibles_potion_red.png using Guid(d8220378fbc38e5448d5b2e21e30b64a) Importer(815301076,1909f56bfc062723c751e8b465ee728b)  -> (artifact id: '2dfdab962cb4edbef5da6bcb75ae322f') in 0.013997 seconds 
========================================================================
Received Import Request.
  Time since last request: 0.500891 seconds.
  path: Assets/Sprites/collectibles_treasure_diamond.png
  artifactKey: Guid(5d905d56d3ae87242b32e423c9ea56fc) Importer(815301076,1909f56bfc062723c751e8b465ee728b)
Start importing Assets/Sprites/collectibles_treasure_diamond.png using Guid(5d905d56d3ae87242b32e423c9ea56fc) Importer(815301076,1909f56bfc062723c751e8b465ee728b)  -> (artifact id: 'b9dea3d91fade91cb0ea2d7e5eee6c4c') in 0.017397 seconds 
========================================================================
Received Import Request.
  Time since last request: 0.021887 seconds.
  path: Assets/Sprites/object_barrel_heavy.png
  artifactKey: Guid(c056999eff4f37e4cbd06901d225288c) Importer(815301076,1909f56bfc062723c751e8b465ee728b)
Start importing Assets/Sprites/object_barrel_heavy.png using Guid(c056999eff4f37e4cbd06901d225288c) Importer(815301076,1909f56bfc062723c751e8b465ee728b)  -> (artifact id: '8658a79c00a17cdaedda1a5b088027fa') in 0.022186 seconds 
========================================================================
Received Import Request.
  Time since last request: 0.000034 seconds.
  path: Assets/Sprites/tilemap_new_softy_sand.png
  artifactKey: Guid(d44d9e00cf4249b4c89043fd875e41da) Importer(815301076,1909f56bfc062723c751e8b465ee728b)
Start importing Assets/Sprites/tilemap_new_softy_sand.png using Guid(d44d9e00cf4249b4c89043fd875e41da) Importer(815301076,1909f56bfc062723c751e8b465ee728b)  -> (artifact id: '7d6e26a5000fd8f475b0415442048185') in 0.018844 seconds 
========================================================================
Received Import Request.
  Time since last request: 0.000033 seconds.
  path: Assets/Sprites/tilemap.png
  artifactKey: Guid(8c27e52e77cabc242929169fd325f56b) Importer(815301076,1909f56bfc062723c751e8b465ee728b)
Start importing Assets/Sprites/tilemap.png using Guid(8c27e52e77cabc242929169fd325f56b) Importer(815301076,1909f56bfc062723c751e8b465ee728b)  -> (artifact id: '67934b2b51ea7365fb31d9137b62d020') in 0.027673 seconds 
========================================================================
Received Import Request.
  Time since last request: 0.231715 seconds.
  path: Assets/Sprites/trap_spike.png
  artifactKey: Guid(6eb3c5c144aac30429cbf5ad07829272) Importer(815301076,1909f56bfc062723c751e8b465ee728b)
Start importing Assets/Sprites/trap_spike.png using Guid(6eb3c5c144aac30429cbf5ad07829272) Importer(815301076,1909f56bfc062723c751e8b465ee728b)  -> (artifact id: 'ce00c23e812f5213b648fafc267682f5') in 0.012603 seconds 
========================================================================
Received Import Request.
  Time since last request: 0.000024 seconds.
  path: Assets/Sprites/vegetation_grass_small.png
  artifactKey: Guid(6b2c5ee2023daa7469ea08ed434eb50c) Importer(815301076,1909f56bfc062723c751e8b465ee728b)
Start importing Assets/Sprites/vegetation_grass_small.png using Guid(6b2c5ee2023daa7469ea08ed434eb50c) Importer(815301076,1909f56bfc062723c751e8b465ee728b)  -> (artifact id: 'd0e5ebef4e4daf5328aad83876893322') in 0.015963 seconds 
========================================================================
Received Import Request.
  Time since last request: 0.032338 seconds.
  path: Assets/Sprites/vegetation_tree_palm.png
  artifactKey: Guid(a7a6d8f3693d8a542b6555eeeb1e6ab7) Importer(815301076,1909f56bfc062723c751e8b465ee728b)
Start importing Assets/Sprites/vegetation_tree_palm.png using Guid(a7a6d8f3693d8a542b6555eeeb1e6ab7) Importer(815301076,1909f56bfc062723c751e8b465ee728b)  -> (artifact id: 'f8e484a68737ba5d893c3409ec2dcd67') in 0.017226 seconds 
========================================================================
Received Import Request.
  Time since last request: 0.249148 seconds.
  path: Assets/Sprites/vfx_effect_diamond.png
  artifactKey: Guid(8ef69c1a24fa41d47b48c63b79aed0dd) Importer(815301076,1909f56bfc062723c751e8b465ee728b)
Start importing Assets/Sprites/vfx_effect_diamond.png using Guid(8ef69c1a24fa41d47b48c63b79aed0dd) Importer(815301076,1909f56bfc062723c751e8b465ee728b)  -> (artifact id: 'ac24eac5ab70a368e3f17e89995cb17d') in 0.011271 seconds 
