Using pre-set license
Built from '2021.3/staging' branch; Version is '2021.3.18f1 (3129e69bc0c7) revision 3221990'; Using compiler version '192829333'; Build Type 'Release'
OS: 'Windows 11  (10.0.22621) 64bit CoreSingleLanguage' Language: 'en' Physical Memory: 16228 MB
BatchMode: 1, IsHumanControllingUs: 0, StartBugReporterOnCrash: 0, Is64bit: 1, IsPro: 1

COMMAND LINE ARGUMENTS:
C:\Program Files\Unity\Hub\Editor\2021.3.18f1\Editor\Unity.exe
-adb2
-batchMode
-noUpm
-name
AssetImportWorker1
-projectPath
D:/Project/Pig_Adventure/Pig Adventure
-logFile
Logs/AssetImportWorker1.log
-srvPort
49533
Successfully changed project path to: D:/Project/Pig_Adventure/Pig Adventure
D:/Project/Pig_Adventure/Pig Adventure
[UnityMemory] Configuration Parameters - Can be set up in boot.config
    "memorysetup-bucket-allocator-granularity=16"
    "memorysetup-bucket-allocator-bucket-count=8"
    "memorysetup-bucket-allocator-block-size=33554432"
    "memorysetup-bucket-allocator-block-count=8"
    "memorysetup-main-allocator-block-size=16777216"
    "memorysetup-thread-allocator-block-size=16777216"
    "memorysetup-gfx-main-allocator-block-size=16777216"
    "memorysetup-gfx-thread-allocator-block-size=16777216"
    "memorysetup-cache-allocator-block-size=4194304"
    "memorysetup-typetree-allocator-block-size=2097152"
    "memorysetup-profiler-bucket-allocator-granularity=16"
    "memorysetup-profiler-bucket-allocator-bucket-count=8"
    "memorysetup-profiler-bucket-allocator-block-size=33554432"
    "memorysetup-profiler-bucket-allocator-block-count=8"
    "memorysetup-profiler-allocator-block-size=16777216"
    "memorysetup-profiler-editor-allocator-block-size=1048576"
    "memorysetup-temp-allocator-size-main=16777216"
    "memorysetup-job-temp-allocator-block-size=2097152"
    "memorysetup-job-temp-allocator-block-size-background=1048576"
    "memorysetup-job-temp-allocator-reduction-small-platforms=262144"
    "memorysetup-temp-allocator-size-background-worker=32768"
    "memorysetup-temp-allocator-size-job-worker=262144"
    "memorysetup-temp-allocator-size-preload-manager=33554432"
    "memorysetup-temp-allocator-size-nav-mesh-worker=65536"
    "memorysetup-temp-allocator-size-audio-worker=65536"
    "memorysetup-temp-allocator-size-cloud-worker=32768"
    "memorysetup-temp-allocator-size-gi-baking-worker=262144"
    "memorysetup-temp-allocator-size-gfx=262144"
Player connection [9200] Host "[IP] 172.22.192.1 [Port] 0 [Flags] 2 [Guid] 4268570735 [EditorId] 4268570735 [Version] 1048832 [Id] WindowsEditor(7,DESKTOP-TLHGITD) [Debug] 1 [PackageName] WindowsEditor [ProjectName] Editor" joined multi-casting on [225.0.0.222:54997]...

Player connection [9200] Host "[IP] 172.22.192.1 [Port] 0 [Flags] 2 [Guid] 4268570735 [EditorId] 4268570735 [Version] 1048832 [Id] WindowsEditor(7,DESKTOP-TLHGITD) [Debug] 1 [PackageName] WindowsEditor [ProjectName] Editor" joined alternative multi-casting on [225.0.0.222:34997]...

Refreshing native plugins compatible for Editor in 108.15 ms, found 4 plugins.
Preloading 0 native plugins for Editor in 0.00 ms.
Initialize engine version: 2021.3.18f1 (3129e69bc0c7)
[Subsystems] Discovering subsystems at path C:/Program Files/Unity/Hub/Editor/2021.3.18f1/Editor/Data/Resources/UnitySubsystems
[Subsystems] Discovering subsystems at path D:/Project/Pig_Adventure/Pig Adventure/Assets
GfxDevice: creating device client; threaded=0; jobified=0
Direct3D:
    Version:  Direct3D 11.0 [level 11.1]
    Renderer: NVIDIA GeForce GTX 1650 with Max-Q Design (ID=0x1f99)
    Vendor:   NVIDIA
    VRAM:     3962 MB
    Driver:   27.21.14.6221
Initialize mono
Mono path[0] = 'C:/Program Files/Unity/Hub/Editor/2021.3.18f1/Editor/Data/Managed'
Mono path[1] = 'C:/Program Files/Unity/Hub/Editor/2021.3.18f1/Editor/Data/MonoBleedingEdge/lib/mono/unityjit-win32'
Mono config path = 'C:/Program Files/Unity/Hub/Editor/2021.3.18f1/Editor/Data/MonoBleedingEdge/etc'
Using monoOptions --debugger-agent=transport=dt_socket,embedding=1,server=y,suspend=n,address=127.0.0.1:56400
Begin MonoManager ReloadAssembly
Registering precompiled unity dll's ...
Register platform support module: C:/Program Files/Unity/Hub/Editor/2021.3.18f1/Editor/Data/PlaybackEngines/WebGLSupport/UnityEditor.WebGL.Extensions.dll
Register platform support module: C:/Program Files/Unity/Hub/Editor/2021.3.18f1/Editor/Data/PlaybackEngines/AndroidPlayer/UnityEditor.Android.Extensions.dll
Register platform support module: C:/Program Files/Unity/Hub/Editor/2021.3.18f1/Editor/Data/PlaybackEngines/WindowsStandaloneSupport/UnityEditor.WindowsStandalone.Extensions.dll
Registered in 0.005034 seconds.
Native extension for WindowsStandalone target not found
Native extension for Android target not found
Android Extension - Scanning For ADB Devices 240 ms
Native extension for WebGL target not found
Refreshing native plugins compatible for Editor in 96.09 ms, found 4 plugins.
Preloading 0 native plugins for Editor in 0.00 ms.
Mono: successfully reloaded assembly
- Completed reload, in  1.036 seconds
Domain Reload Profiling:
	ReloadAssembly (1036ms)
		BeginReloadAssembly (115ms)
			ExecutionOrderSort (0ms)
			DisableScriptedObjects (0ms)
			BackupInstance (0ms)
			ReleaseScriptingObjects (0ms)
			CreateAndSetChildDomain (1ms)
		EndReloadAssembly (796ms)
			LoadAssemblies (113ms)
			RebuildTransferFunctionScriptingTraits (0ms)
			SetupTypeCache (156ms)
			ReleaseScriptCaches (0ms)
			RebuildScriptCaches (32ms)
			SetupLoadedEditorAssemblies (557ms)
				LogAssemblyErrors (0ms)
				InitializePlatformSupportModulesInManaged (315ms)
				SetLoadedEditorAssemblies (0ms)
				RefreshPlugins (96ms)
				BeforeProcessingInitializeOnLoad (1ms)
				ProcessInitializeOnLoadAttributes (98ms)
				ProcessInitializeOnLoadMethodAttributes (46ms)
				AfterProcessingInitializeOnLoad (0ms)
				EditorAssembliesLoaded (0ms)
			ExecutionOrderSort2 (0ms)
			AwakeInstancesAfterBackupRestoration (0ms)
Platform modules already initialized, skipping
Registering precompiled user dll's ...
Registered in 0.003447 seconds.
Begin MonoManager ReloadAssembly
Symbol file LoadedFromMemory doesn't match image D:\Project\Pig_Adventure\Pig Adventure\Library\PackageCache\com.unity.visualscripting@1.8.0\Editor\VisualScripting.Core\Dependencies\YamlDotNet\Unity.VisualScripting.YamlDotNet.dll
Symbol file LoadedFromMemory doesn't match image D:\Project\Pig_Adventure\Pig Adventure\Library\PackageCache\com.unity.visualscripting@1.8.0\Editor\VisualScripting.Core\Dependencies\DotNetZip\Unity.VisualScripting.IonicZip.dll
Native extension for WindowsStandalone target not found
Native extension for Android target not found
Native extension for WebGL target not found
Refreshing native plugins compatible for Editor in 109.59 ms, found 4 plugins.
Preloading 0 native plugins for Editor in 0.00 ms.
Mono: successfully reloaded assembly
- Completed reload, in  1.324 seconds
Domain Reload Profiling:
	ReloadAssembly (1325ms)
		BeginReloadAssembly (116ms)
			ExecutionOrderSort (0ms)
			DisableScriptedObjects (6ms)
			BackupInstance (0ms)
			ReleaseScriptingObjects (0ms)
			CreateAndSetChildDomain (25ms)
		EndReloadAssembly (1073ms)
			LoadAssemblies (83ms)
			RebuildTransferFunctionScriptingTraits (0ms)
			SetupTypeCache (369ms)
			ReleaseScriptCaches (1ms)
			RebuildScriptCaches (69ms)
			SetupLoadedEditorAssemblies (500ms)
				LogAssemblyErrors (0ms)
				InitializePlatformSupportModulesInManaged (22ms)
				SetLoadedEditorAssemblies (0ms)
				RefreshPlugins (110ms)
				BeforeProcessingInitializeOnLoad (91ms)
				ProcessInitializeOnLoadAttributes (235ms)
				ProcessInitializeOnLoadMethodAttributes (38ms)
				AfterProcessingInitializeOnLoad (5ms)
				EditorAssembliesLoaded (0ms)
			ExecutionOrderSort2 (0ms)
			AwakeInstancesAfterBackupRestoration (6ms)
Platform modules already initialized, skipping
========================================================================
Worker process is ready to serve import requests
Launched and connected shader compiler UnityShaderCompiler.exe after 0.04 seconds
Refreshing native plugins compatible for Editor in 1.06 ms, found 4 plugins.
Preloading 0 native plugins for Editor in 0.00 ms.
Unloading 3733 Unused Serialized files (Serialized files now loaded: 0)
Unloading 41 unused Assets / (228.9 KB). Loaded Objects now: 4188.
Memory consumption went from 142.5 MB to 142.3 MB.
Total: 3.418100 ms (FindLiveObjects: 0.324700 ms CreateObjectMapping: 0.238000 ms MarkObjects: 2.704000 ms  DeleteObjects: 0.150100 ms)

AssetImportParameters requested are different than current active one (requested -> active):
  custom:video-decoder-ogg-theora: a1e56fd34408186e4bbccfd4996cb3dc -> 
  custom:container-muxer-webm: aa71ff27fc2769a1b78a27578f13a17b -> 
  custom:container-demuxer-webm: 4f35f7cbe854078d1ac9338744f61a02 -> 
  custom:video-encoder-webm-vp8: eb34c28f22e8b96e1ab97ce403110664 -> 
  custom:video-codec-MediaFoundation-h265: 746d11721c4dcdbdad8f713fa42b33f4 -> 
  custom:audio-encoder-webm-vorbis: bf7c407c2cedff20999df2af8eb42d56 -> 
  custom:framework-win-MediaFoundation: 216162199b28c13a410421893ffa2e32 -> 
  custom:container-demuxer-ogg: 62fdf1f143b41e24485cea50d1cbac27 -> 
  custom:video-decoder-webm-vp8: 9c59270c3fd7afecdb556c50c9e8de78 -> 
  custom:audio-decoder-ogg-vorbis: bf7c407c2cedff20999df2af8eb42d56 -> 
========================================================================
Received Import Request.
  Time since last request: 124691.260693 seconds.
  path: Assets
  artifactKey: Guid(00000000000000001000000000000000) Importer(815301076,1909f56bfc062723c751e8b465ee728b)
Start importing Assets using Guid(00000000000000001000000000000000) Importer(815301076,1909f56bfc062723c751e8b465ee728b)  -> (artifact id: '79842766b460edbeab6a34051e857a80') in 0.012791 seconds 
========================================================================
Received Import Request.
  Time since last request: 67.107790 seconds.
  path: Assets/Sprites/character_berie_attack1.png
  artifactKey: Guid(110535156ce3fe340bd1fa14152e49b3) Importer(815301076,1909f56bfc062723c751e8b465ee728b)
Start importing Assets/Sprites/character_berie_attack1.png using Guid(110535156ce3fe340bd1fa14152e49b3) Importer(815301076,1909f56bfc062723c751e8b465ee728b)  -> (artifact id: '1c4eb81917375118ca0614692858a2ae') in 0.124223 seconds 
========================================================================
Received Import Request.
  Time since last request: 0.000028 seconds.
  path: Assets/Sprites/character_enemy_sandbug_walk.png
  artifactKey: Guid(b977763b0f5c93f4b89f612583774b5d) Importer(815301076,1909f56bfc062723c751e8b465ee728b)
Start importing Assets/Sprites/character_enemy_sandbug_walk.png using Guid(b977763b0f5c93f4b89f612583774b5d) Importer(815301076,1909f56bfc062723c751e8b465ee728b)  -> (artifact id: '955e7db1b6f78b9e8046d00cf20c77a4') in 0.013214 seconds 
========================================================================
Received Import Request.
  Time since last request: 0.000033 seconds.
  path: Assets/Sprites/character_berie_idle_poisoned.png
  artifactKey: Guid(e5cd2ed317b043047a58e6cdbc985302) Importer(815301076,1909f56bfc062723c751e8b465ee728b)
Start importing Assets/Sprites/character_berie_idle_poisoned.png using Guid(e5cd2ed317b043047a58e6cdbc985302) Importer(815301076,1909f56bfc062723c751e8b465ee728b)  -> (artifact id: 'ac9134fd255697c6620de3fef4399d97') in 0.016321 seconds 
========================================================================
Received Import Request.
  Time since last request: 0.000023 seconds.
  path: Assets/Sprites/character_berie_fall.png
  artifactKey: Guid(74ce5c3227c57c345be6fd3ffbae8b1b) Importer(815301076,1909f56bfc062723c751e8b465ee728b)
Start importing Assets/Sprites/character_berie_fall.png using Guid(74ce5c3227c57c345be6fd3ffbae8b1b) Importer(815301076,1909f56bfc062723c751e8b465ee728b)  -> (artifact id: '58158fdd41ef95ea52b1dbe42fad449e') in 0.016353 seconds 
========================================================================
Received Import Request.
  Time since last request: 0.000041 seconds.
  path: Assets/Sprites/character_berie_grounded.png
  artifactKey: Guid(c5a4eee75ee51ff4fa26f0b0b4312380) Importer(815301076,1909f56bfc062723c751e8b465ee728b)
Start importing Assets/Sprites/character_berie_grounded.png using Guid(c5a4eee75ee51ff4fa26f0b0b4312380) Importer(815301076,1909f56bfc062723c751e8b465ee728b)  -> (artifact id: 'e0c69e7060982685bd1eb008fa442d53') in 0.016141 seconds 
========================================================================
Received Import Request.
  Time since last request: 0.000021 seconds.
  path: Assets/Sprites/character_berie_idle.png
  artifactKey: Guid(4fe6d237ba55fee43a61516e9833018a) Importer(815301076,1909f56bfc062723c751e8b465ee728b)
Start importing Assets/Sprites/character_berie_idle.png using Guid(4fe6d237ba55fee43a61516e9833018a) Importer(815301076,1909f56bfc062723c751e8b465ee728b)  -> (artifact id: 'f3473860176001f945a54aa2f1ccc30b') in 0.014108 seconds 
========================================================================
Received Import Request.
  Time since last request: 0.000039 seconds.
  path: Assets/Sprites/character_enemy_sandbug_death.png
  artifactKey: Guid(9f324ea51ec6cf94fbe664d36d7188b5) Importer(815301076,1909f56bfc062723c751e8b465ee728b)
Start importing Assets/Sprites/character_enemy_sandbug_death.png using Guid(9f324ea51ec6cf94fbe664d36d7188b5) Importer(815301076,1909f56bfc062723c751e8b465ee728b)  -> (artifact id: 'd07a53005a1f8a4457ce8bb7df3f7758') in 0.014682 seconds 
========================================================================
Received Import Request.
  Time since last request: 0.000019 seconds.
  path: Assets/Sprites/collectibles_coin_bronze2.png
  artifactKey: Guid(12babf36687f7c24bbe4216e5a901a6d) Importer(815301076,1909f56bfc062723c751e8b465ee728b)
Start importing Assets/Sprites/collectibles_coin_bronze2.png using Guid(12babf36687f7c24bbe4216e5a901a6d) Importer(815301076,1909f56bfc062723c751e8b465ee728b)  -> (artifact id: 'a180c6a7b5b03c31d9f559ea2ed9bd5d') in 0.014871 seconds 
========================================================================
Received Import Request.
  Time since last request: 0.000032 seconds.
  path: Assets/Sprites/character_berie_injured_poisoned.png
  artifactKey: Guid(b2708e17b62dd974299e8cedb8f91a54) Importer(815301076,1909f56bfc062723c751e8b465ee728b)
Start importing Assets/Sprites/character_berie_injured_poisoned.png using Guid(b2708e17b62dd974299e8cedb8f91a54) Importer(815301076,1909f56bfc062723c751e8b465ee728b)  -> (artifact id: 'c9e22783b869517f70db56939a222689') in 0.015580 seconds 
========================================================================
Received Import Request.
  Time since last request: 0.000025 seconds.
  path: Assets/Sprites/character_berie_death.png
  artifactKey: Guid(28d9e6f2bdb204d4ba1363f0170e75de) Importer(815301076,1909f56bfc062723c751e8b465ee728b)
Start importing Assets/Sprites/character_berie_death.png using Guid(28d9e6f2bdb204d4ba1363f0170e75de) Importer(815301076,1909f56bfc062723c751e8b465ee728b)  -> (artifact id: '481a95c26a18797d5b3482aa2fc5c168') in 0.014725 seconds 
========================================================================
Received Import Request.
  Time since last request: 0.000020 seconds.
  path: Assets/Sprites/collectibles_coin_royal.png
  artifactKey: Guid(86e242f234c625d43adaa8698067dee5) Importer(815301076,1909f56bfc062723c751e8b465ee728b)
Start importing Assets/Sprites/collectibles_coin_royal.png using Guid(86e242f234c625d43adaa8698067dee5) Importer(815301076,1909f56bfc062723c751e8b465ee728b)  -> (artifact id: 'f156a0ac3d2ceed4eaee8db12a681d0f') in 0.019108 seconds 
========================================================================
Received Import Request.
  Time since last request: 0.000025 seconds.
  path: Assets/Sprites/character_berie_showoff.png
  artifactKey: Guid(df253e52d03d1884dae5fb45ef311fb2) Importer(815301076,1909f56bfc062723c751e8b465ee728b)
Start importing Assets/Sprites/character_berie_showoff.png using Guid(df253e52d03d1884dae5fb45ef311fb2) Importer(815301076,1909f56bfc062723c751e8b465ee728b)  -> (artifact id: '073948d89cc7a18c9a1ad647d72403fd') in 0.022268 seconds 
========================================================================
Received Import Request.
  Time since last request: 5.053443 seconds.
  path: Assets/Sprites/collectibles_life1.png
  artifactKey: Guid(f5c77ec972f976e49b38976567d9a9ae) Importer(815301076,1909f56bfc062723c751e8b465ee728b)
Start importing Assets/Sprites/collectibles_life1.png using Guid(f5c77ec972f976e49b38976567d9a9ae) Importer(815301076,1909f56bfc062723c751e8b465ee728b)  -> (artifact id: 'c57e1f6d1c761e24252378e22b90d4d1') in 0.012823 seconds 
========================================================================
Received Import Request.
  Time since last request: 0.000034 seconds.
  path: Assets/Sprites/collectibles_life2.png
  artifactKey: Guid(c534c9152acfae944a00d4563852115f) Importer(815301076,1909f56bfc062723c751e8b465ee728b)
Start importing Assets/Sprites/collectibles_life2.png using Guid(c534c9152acfae944a00d4563852115f) Importer(815301076,1909f56bfc062723c751e8b465ee728b)  -> (artifact id: '23999f3c46ec7b6413c3792be9e79ee0') in 0.015656 seconds 
========================================================================
Received Import Request.
  Time since last request: 0.041730 seconds.
  path: Assets/Sprites/collectibles_raspberry_big.png
  artifactKey: Guid(967e0ed6279032b4197f397667a8b613) Importer(815301076,1909f56bfc062723c751e8b465ee728b)
Start importing Assets/Sprites/collectibles_raspberry_big.png using Guid(967e0ed6279032b4197f397667a8b613) Importer(815301076,1909f56bfc062723c751e8b465ee728b)  -> (artifact id: '19954481a369faad4796d4b1cf975760') in 0.013162 seconds 
========================================================================
Received Import Request.
  Time since last request: 0.000022 seconds.
  path: Assets/Sprites/collectibles_raspberry_small.png
  artifactKey: Guid(40826d9ecbd9a3d4d936aff19f7ec334) Importer(815301076,1909f56bfc062723c751e8b465ee728b)
Start importing Assets/Sprites/collectibles_raspberry_small.png using Guid(40826d9ecbd9a3d4d936aff19f7ec334) Importer(815301076,1909f56bfc062723c751e8b465ee728b)  -> (artifact id: 'dab108b4939b02ccb3284c664bf40a5d') in 0.015211 seconds 
========================================================================
Received Import Request.
  Time since last request: 0.482242 seconds.
  path: Assets/Sprites/collectibles_treasure_emerald.png
  artifactKey: Guid(9af812fb8353b7742b1bb98e34008149) Importer(815301076,1909f56bfc062723c751e8b465ee728b)
Start importing Assets/Sprites/collectibles_treasure_emerald.png using Guid(9af812fb8353b7742b1bb98e34008149) Importer(815301076,1909f56bfc062723c751e8b465ee728b)  -> (artifact id: '03e559a78ddffad4296d5cc98190c36a') in 0.012470 seconds 
========================================================================
Received Import Request.
  Time since last request: 0.000027 seconds.
  path: Assets/Sprites/collectibles_treasure_ruby.png
  artifactKey: Guid(a69eab1b327a9524e942b3f2174f70c6) Importer(815301076,1909f56bfc062723c751e8b465ee728b)
Start importing Assets/Sprites/collectibles_treasure_ruby.png using Guid(a69eab1b327a9524e942b3f2174f70c6) Importer(815301076,1909f56bfc062723c751e8b465ee728b)  -> (artifact id: 'd743eb39208fa863ceb69e99ff7ed7e0') in 0.017283 seconds 
========================================================================
Received Import Request.
  Time since last request: 0.004331 seconds.
  path: Assets/Sprites/object_barrel_life.png
  artifactKey: Guid(275aceca328cadb428a23d9333d87d16) Importer(815301076,1909f56bfc062723c751e8b465ee728b)
Start importing Assets/Sprites/object_barrel_life.png using Guid(275aceca328cadb428a23d9333d87d16) Importer(815301076,1909f56bfc062723c751e8b465ee728b)  -> (artifact id: '353e947ec02a3319c9d63eb277fed122') in 0.021227 seconds 
========================================================================
Received Import Request.
  Time since last request: 0.000030 seconds.
  path: Assets/Sprites/trap_bomb.png
  artifactKey: Guid(269ce09794010484bb56910075034676) Importer(815301076,1909f56bfc062723c751e8b465ee728b)
Start importing Assets/Sprites/trap_bomb.png using Guid(269ce09794010484bb56910075034676) Importer(815301076,1909f56bfc062723c751e8b465ee728b)  -> (artifact id: 'f0919ceaedc4f2b7dbc2bd6453193921') in 0.025637 seconds 
========================================================================
Received Import Request.
  Time since last request: 0.000035 seconds.
  path: Assets/Sprites/object_barrel_light.png
  artifactKey: Guid(fb1b98f7752e3c54b96fc1138316d031) Importer(815301076,1909f56bfc062723c751e8b465ee728b)
Start importing Assets/Sprites/object_barrel_light.png using Guid(fb1b98f7752e3c54b96fc1138316d031) Importer(815301076,1909f56bfc062723c751e8b465ee728b)  -> (artifact id: 'fe508487beaffdec76ebc2ee3c48203a') in 0.016749 seconds 
========================================================================
Received Import Request.
  Time since last request: 0.235590 seconds.
  path: Assets/Sprites/vegetation_grass_rock_trunk.png
  artifactKey: Guid(0454c52feb71eb9418312e750c0e88bc) Importer(815301076,1909f56bfc062723c751e8b465ee728b)
Start importing Assets/Sprites/vegetation_grass_rock_trunk.png using Guid(0454c52feb71eb9418312e750c0e88bc) Importer(815301076,1909f56bfc062723c751e8b465ee728b)  -> (artifact id: '3b80ef072385e4667aedd752e093a9a7') in 0.014549 seconds 
========================================================================
Received Import Request.
  Time since last request: 0.052219 seconds.
  path: Assets/Sprites/vfx_effect_coin.png
  artifactKey: Guid(8c1d774612bb78946b8ebcfb97fbefae) Importer(815301076,1909f56bfc062723c751e8b465ee728b)
Start importing Assets/Sprites/vfx_effect_coin.png using Guid(8c1d774612bb78946b8ebcfb97fbefae) Importer(815301076,1909f56bfc062723c751e8b465ee728b)  -> (artifact id: '8e24f1820341741d4482491596fa6284') in 0.012012 seconds 
========================================================================
Received Import Request.
  Time since last request: 0.000023 seconds.
  path: Assets/Sprites/vfx_effect_consume.png
  artifactKey: Guid(82e0a54b2065bd447ac1412b256b5c3c) Importer(815301076,1909f56bfc062723c751e8b465ee728b)
Start importing Assets/Sprites/vfx_effect_consume.png using Guid(82e0a54b2065bd447ac1412b256b5c3c) Importer(815301076,1909f56bfc062723c751e8b465ee728b)  -> (artifact id: 'f734a7d82c06246bb4c99c2f16e97437') in 0.014964 seconds 
